# JRE version: Java(TM) SE Runtime Environment (8.0_211-b12) (build 1.8.0_211-b12)
# Java VM: Java HotSpot(TM) Client VM (25.211-b12 mixed mode, sharing windows-x86 )
Heap:
 def new generation   total 78656K, used 78656K [0x04800000, 0x09d50000, 0x09d50000)
  eden space 69952K, 100% used [0x04800000, 0x08c50000, 0x08c50000)
  from space 8704K, 100% used [0x094d0000, 0x09d50000, 0x09d50000)
  to   space 8704K,   0% used [0x08c50000, 0x08c50000, 0x094d0000)
 tenured generation   total 174784K, used 162152K [0x09d50000, 0x14800000, 0x14800000)
   the space 174784K,  92% used [0x09d50000, 0x13baa238, 0x0f67b000, 0x14800000)
 Metaspace       used 80168K, capacity 83735K, committed 83968K, reserved 84352K
GC Heap History (10 events):
Event: 452.765 GC heap after
Heap after GC invocations=248 (full 12):
 def new generation   total 78656K, used 8704K [0x04800000, 0x09d50000, 0x09d50000)
  eden space 69952K,   0% used [0x04800000, 0x04800000, 0x08c50000)
  from space 8704K, 100% used [0x094d0000, 0x09d50000, 0x09d50000)
  to   space 8704K,   0% used [0x08c50000, 0x08c50000, 0x094d0000)
 tenured generation   total 174784K, used 135243K [0x09d50000, 0x14800000, 0x14800000)
   the space 174784K,  77% used [0x09d50000, 0x12162fa0, 0x12163000, 0x14800000)
 Metaspace       used 79693K, capacity 83199K, committed 83584K, reserved 84352K
}
Event: 453.033 GC heap before
{Heap before GC invocations=248 (full 12):
 def new generation   total 78656K, used 78641K [0x04800000, 0x09d50000, 0x09d50000)
  eden space 69952K,  99% used [0x04800000, 0x08c4c568, 0x08c50000)
  from space 8704K, 100% used [0x094d0000, 0x09d50000, 0x09d50000)
  to   space 8704K,   0% used [0x08c50000, 0x08c50000, 0x094d0000)
 tenured generation   total 174784K, used 135243K [0x09d50000, 0x14800000, 0x14800000)
   the space 174784K,  77% used [0x09d50000, 0x12162fa0, 0x12163000, 0x14800000)
 Metaspace       used 79693K, capacity 83199K, committed 83584K, reserved 84352K
Event: 453.052 GC heap after
Heap after GC invocations=249 (full 12):
 def new generation   total 78656K, used 8503K [0x04800000, 0x09d50000, 0x09d50000)
  eden space 69952K,   0% used [0x04800000, 0x04800000, 0x08c50000)
  from space 8704K,  97% used [0x08c50000, 0x0949dff0, 0x094d0000)
  to   space 8704K,   0% used [0x094d0000, 0x094d0000, 0x09d50000)
 tenured generation   total 174784K, used 141901K [0x09d50000, 0x14800000, 0x14800000)
   the space 174784K,  81% used [0x09d50000, 0x127e3560, 0x127e3600, 0x14800000)
 Metaspace       used 79693K, capacity 83199K, committed 83584K, reserved 84352K
}
Event: 453.346 GC heap before
{Heap before GC invocations=249 (full 12):
 def new generation   total 78656K, used 78455K [0x04800000, 0x09d50000, 0x09d50000)
  eden space 69952K, 100% used [0x04800000, 0x08c50000, 0x08c50000)
  from space 8704K,  97% used [0x08c50000, 0x0949dff0, 0x094d0000)
  to   space 8704K,   0% used [0x094d0000, 0x094d0000, 0x09d50000)
 tenured generation   total 174784K, used 141901K [0x09d50000, 0x14800000, 0x14800000)
   the space 174784K,  81% used [0x09d50000, 0x127e3560, 0x127e3600, 0x14800000)
 Metaspace       used 79699K, capacity 83211K, committed 83584K, reserved 84352K
Event: 453.377 GC heap after
Heap after GC invocations=250 (full 12):
 def new generation   total 78656K, used 8704K [0x04800000, 0x09d50000, 0x09d50000)
  eden space 69952K,   0% used [0x04800000, 0x04800000, 0x08c50000)
  from space 8704K, 100% used [0x094d0000, 0x09d50000, 0x09d50000)
  to   space 8704K,   0% used [0x08c50000, 0x08c50000, 0x094d0000)
 tenured generation   total 174784K, used 144386K [0x09d50000, 0x14800000, 0x14800000)
   the space 174784K,  82% used [0x09d50000, 0x12a50ac8, 0x12a50c00, 0x14800000)
 Metaspace       used 79699K, capacity 83211K, committed 83584K, reserved 84352K
}
Event: 453.836 GC heap before
{Heap before GC invocations=250 (full 12):
 def new generation   total 78656K, used 78656K [0x04800000, 0x09d50000, 0x09d50000)
  eden space 69952K, 100% used [0x04800000, 0x08c50000, 0x08c50000)
  from space 8704K, 100% used [0x094d0000, 0x09d50000, 0x09d50000)
  to   space 8704K,   0% used [0x08c50000, 0x08c50000, 0x094d0000)
 tenured generation   total 174784K, used 144386K [0x09d50000, 0x14800000, 0x14800000)
   the space 174784K,  82% used [0x09d50000, 0x12a50ac8, 0x12a50c00, 0x14800000)
 Metaspace       used 79699K, capacity 83211K, committed 83584K, reserved 84352K
Event: 453.850 GC heap after
Heap after GC invocations=251 (full 12):
 def new generation   total 78656K, used 2108K [0x04800000, 0x09d50000, 0x09d50000)
  eden space 69952K,   0% used [0x04800000, 0x04800000, 0x08c50000)
  from space 8704K,  24% used [0x08c50000, 0x08e5f238, 0x094d0000)
  to   space 8704K,   0% used [0x094d0000, 0x094d0000, 0x09d50000)
 tenured generation   total 174784K, used 148231K [0x09d50000, 0x14800000, 0x14800000)
   the space 174784K,  84% used [0x09d50000, 0x12e11f88, 0x12e12000, 0x14800000)
 Metaspace       used 79699K, capacity 83211K, committed 83584K, reserved 84352K
}
Event: 454.101 GC heap before
{Heap before GC invocations=251 (full 12):
 def new generation   total 78656K, used 72060K [0x04800000, 0x09d50000, 0x09d50000)
  eden space 69952K, 100% used [0x04800000, 0x08c50000, 0x08c50000)
  from space 8704K,  24% used [0x08c50000, 0x08e5f238, 0x094d0000)
  to   space 8704K,   0% used [0x094d0000, 0x094d0000, 0x09d50000)
 tenured generation   total 174784K, used 148231K [0x09d50000, 0x14800000, 0x14800000)
   the space 174784K,  84% used [0x09d50000, 0x12e11f88, 0x12e12000, 0x14800000)
 Metaspace       used 79926K, capacity 83480K, committed 83840K, reserved 84352K
Event: 454.148 GC heap after
Heap after GC invocations=252 (full 12):
 def new generation   total 78656K, used 8704K [0x04800000, 0x09d50000, 0x09d50000)
  eden space 69952K,   0% used [0x04800000, 0x04800000, 0x08c50000)
  from space 8704K, 100% used [0x094d0000, 0x09d50000, 0x09d50000)
  to   space 8704K,   0% used [0x08c50000, 0x08c50000, 0x094d0000)
 tenured generation   total 174784K, used 162152K [0x09d50000, 0x14800000, 0x14800000)
   the space 174784K,  92% used [0x09d50000, 0x13baa238, 0x13baa400, 0x14800000)
 Metaspace       used 79926K, capacity 83480K, committed 83840K, reserved 84352K
}
Event: 454.472 GC heap before
{Heap before GC invocations=252 (full 12):
 def new generation   total 78656K, used 78656K [0x04800000, 0x09d50000, 0x09d50000)
  eden space 69952K, 100% used [0x04800000, 0x08c50000, 0x08c50000)
  from space 8704K, 100% used [0x094d0000, 0x09d50000, 0x09d50000)
  to   space 8704K,   0% used [0x08c50000, 0x08c50000, 0x094d0000)
 tenured generation   total 174784K, used 162152K [0x09d50000, 0x14800000, 0x14800000)
   the space 174784K,  92% used [0x09d50000, 0x13baa238, 0x13baa400, 0x14800000)
 Metaspace       used 80168K, capacity 83735K, committed 83968K, reserved 84352K

